<?xml version="1.0" encoding="UTF-8"?>
<testsuite name="com.sl.algorithms.search.binarysearch.BinarySearchTest" tests="4" skipped="0" failures="0" errors="0" timestamp="2022-04-19T21:31:34" hostname="LAPTOP-0DNPIBQS" time="0.023">
  <properties/>
  <testcase name="testBinarySearchRecursive" classname="com.sl.algorithms.search.binarysearch.BinarySearchTest" time="0.002"/>
  <testcase name="testBinarySearchIterative" classname="com.sl.algorithms.search.binarysearch.BinarySearchTest" time="0.002"/>
  <testcase name="testFindStartOfRotation" classname="com.sl.algorithms.search.binarysearch.BinarySearchTest" time="0.002"/>
  <testcase name="testBinarySearchGeneric" classname="com.sl.algorithms.search.binarysearch.BinarySearchTest" time="0.017"/>
  <system-out><![CDATA[]]></system-out>
  <system-err><![CDATA[]]></system-err>
</testsuite>
