<?xml version="1.0" encoding="UTF-8"?>
<testsuite name="com.sl.algorithms.core.array.subarray.KadaneAlgorithmTest" tests="2" skipped="0" failures="0" errors="0" timestamp="2022-04-19T21:31:34" hostname="LAPTOP-0DNPIBQS" time="0.0">
  <properties/>
  <testcase name="testFindMaxSubArraySum" classname="com.sl.algorithms.core.array.subarray.KadaneAlgorithmTest" time="0.0"/>
  <testcase name="testFindMaxSubArrayProduct" classname="com.sl.algorithms.core.array.subarray.KadaneAlgorithmTest" time="0.0"/>
  <system-out><![CDATA[]]></system-out>
  <system-err><![CDATA[]]></system-err>
</testsuite>
