<?xml version="1.0" encoding="UTF-8"?>
<testsuite name="com.sl.algorithms.core.list.merge.LinkedListMergeTest" tests="3" skipped="0" failures="0" errors="0" timestamp="2022-04-19T21:31:34" hostname="LAPTOP-0DNPIBQS" time="0.007">
  <properties/>
  <testcase name="testDnQ" classname="com.sl.algorithms.core.list.merge.LinkedListMergeTest" time="0.003"/>
  <testcase name="testIterative" classname="com.sl.algorithms.core.list.merge.LinkedListMergeTest" time="0.002"/>
  <testcase name="testPQ" classname="com.sl.algorithms.core.list.merge.LinkedListMergeTest" time="0.002"/>
  <system-out><![CDATA[]]></system-out>
  <system-err><![CDATA[]]></system-err>
</testsuite>
