<?xml version="1.0" encoding="UTF-8"?>
<testsuite name="com.sl.algorithms.search.nge.NarayanPanditPermutationAlgorithmTest" tests="2" skipped="0" failures="0" errors="0" timestamp="2022-04-19T21:31:38" hostname="LAPTOP-0DNPIBQS" time="5.5">
  <properties/>
  <testcase name="testNGNSameDigits" classname="com.sl.algorithms.search.nge.NarayanPanditPermutationAlgorithmTest" time="0.0"/>
  <testcase name="testNGNSameDigits10s" classname="com.sl.algorithms.search.nge.NarayanPanditPermutationAlgorithmTest" time="5.5"/>
  <system-out><![CDATA[]]></system-out>
  <system-err><![CDATA[]]></system-err>
</testsuite>
