<?xml version="1.0" encoding="UTF-8"?>
<testsuite name="com.sl.algorithms.core.list.intersection.LinkedListIntersectionTest" tests="3" skipped="0" failures="0" errors="0" timestamp="2022-04-19T21:31:34" hostname="LAPTOP-0DNPIBQS" time="0.001">
  <properties/>
  <testcase name="testGetIntersectionNodeNull" classname="com.sl.algorithms.core.list.intersection.LinkedListIntersectionTest" time="0.0"/>
  <testcase name="testGetIntersectionNodeNothingCommon" classname="com.sl.algorithms.core.list.intersection.LinkedListIntersectionTest" time="0.001"/>
  <testcase name="testGetIntersectionNode" classname="com.sl.algorithms.core.list.intersection.LinkedListIntersectionTest" time="0.0"/>
  <system-out><![CDATA[]]></system-out>
  <system-err><![CDATA[]]></system-err>
</testsuite>
