<?xml version="1.0" encoding="UTF-8"?>
<testsuite name="com.sl.algorithms.search.median.MedianFinderTest" tests="3" skipped="0" failures="0" errors="0" timestamp="2022-04-19T21:31:38" hostname="LAPTOP-0DNPIBQS" time="0.004">
  <properties/>
  <testcase name="testBruteForceMethod" classname="com.sl.algorithms.search.median.MedianFinderTest" time="0.002"/>
  <testcase name="testPQApproach" classname="com.sl.algorithms.search.median.MedianFinderTest" time="0.001"/>
  <testcase name="testQuickSelectApproach" classname="com.sl.algorithms.search.median.MedianFinderTest" time="0.001"/>
  <system-out><![CDATA[]]></system-out>
  <system-err><![CDATA[]]></system-err>
</testsuite>
