<?xml version="1.0" encoding="UTF-8"?>
<testsuite name="com.sl.algorithms.core.list.reversal.LinkedListReversalTest" tests="2" skipped="0" failures="0" errors="0" timestamp="2022-04-19T21:31:34" hostname="LAPTOP-0DNPIBQS" time="0.001">
  <properties/>
  <testcase name="testReverse" classname="com.sl.algorithms.core.list.reversal.LinkedListReversalTest" time="0.0"/>
  <testcase name="testReverseInGroups" classname="com.sl.algorithms.core.list.reversal.LinkedListReversalTest" time="0.0"/>
  <system-out><![CDATA[]]></system-out>
  <system-err><![CDATA[]]></system-err>
</testsuite>
