<?xml version="1.0" encoding="UTF-8"?>
<testsuite name="com.sl.algorithms.search.binarysearch.LargeSizeBinarySearchTest" tests="1" skipped="0" failures="0" errors="0" timestamp="2022-04-19T21:31:34" hostname="LAPTOP-0DNPIBQS" time="3.991">
  <properties/>
  <testcase name="largeSizeTest" classname="com.sl.algorithms.search.binarysearch.LargeSizeBinarySearchTest" time="3.991"/>
  <system-out><![CDATA[]]></system-out>
  <system-err><![CDATA[]]></system-err>
</testsuite>
