<?xml version="1.0" encoding="UTF-8"?>
<testsuite name="com.sl.algorithms.core.list.reversal.SwapInPairsTest" tests="4" skipped="0" failures="0" errors="0" timestamp="2022-04-19T21:31:34" hostname="LAPTOP-0DNPIBQS" time="0.001">
  <properties/>
  <testcase name="testSwapInPairsOddCount" classname="com.sl.algorithms.core.list.reversal.SwapInPairsTest" time="0.0"/>
  <testcase name="testSwapInPairsEvenCount" classname="com.sl.algorithms.core.list.reversal.SwapInPairsTest" time="0.0"/>
  <testcase name="testSwapInPairs2Elements" classname="com.sl.algorithms.core.list.reversal.SwapInPairsTest" time="0.001"/>
  <testcase name="testSwapInPairsBaseCases" classname="com.sl.algorithms.core.list.reversal.SwapInPairsTest" time="0.0"/>
  <system-out><![CDATA[]]></system-out>
  <system-err><![CDATA[]]></system-err>
</testsuite>
