<?xml version="1.0" encoding="UTF-8"?>
<testsuite name="com.sl.algorithms.sort.finitegroups.integersorting.IntegerSortingTest" tests="2" skipped="0" failures="0" errors="0" timestamp="2022-04-19T21:31:44" hostname="LAPTOP-0DNPIBQS" time="0.004">
  <properties/>
  <testcase name="testCountingSort" classname="com.sl.algorithms.sort.finitegroups.integersorting.IntegerSortingTest" time="0.001"/>
  <testcase name="testRadixSort" classname="com.sl.algorithms.sort.finitegroups.integersorting.IntegerSortingTest" time="0.002"/>
  <system-out><![CDATA[]]></system-out>
  <system-err><![CDATA[]]></system-err>
</testsuite>
