<?xml version="1.0" encoding="UTF-8"?>
<testsuite name="com.sl.algorithms.core.array.rotation.ArrayRotationTest" tests="5" skipped="0" failures="0" errors="0" timestamp="2022-04-19T21:31:34" hostname="LAPTOP-0DNPIBQS" time="0.011">
  <properties/>
  <testcase name="assertDougMcIlroyAlgorithm" classname="com.sl.algorithms.core.array.rotation.ArrayRotationTest" time="0.004"/>
  <testcase name="assertBruteForceRotation" classname="com.sl.algorithms.core.array.rotation.ArrayRotationTest" time="0.002"/>
  <testcase name="assertBentleyShufflingAlgorithm" classname="com.sl.algorithms.core.array.rotation.ArrayRotationTest" time="0.002"/>
  <testcase name="assertGriesMillsAlgorithm" classname="com.sl.algorithms.core.array.rotation.ArrayRotationTest" time="0.001"/>
  <testcase name="assertBruteForceRotationWithSpace" classname="com.sl.algorithms.core.array.rotation.ArrayRotationTest" time="0.001"/>
  <system-out><![CDATA[]]></system-out>
  <system-err><![CDATA[]]></system-err>
</testsuite>
