<?xml version="1.0" encoding="UTF-8"?>
<testsuite name="com.sl.algorithms.sort.generalpurpose.SortingTest" tests="8" skipped="0" failures="0" errors="0" timestamp="2022-04-19T21:31:44" hostname="LAPTOP-0DNPIBQS" time="0.14">
  <properties/>
  <testcase name="testSelectionSort" classname="com.sl.algorithms.sort.generalpurpose.SortingTest" time="0.001"/>
  <testcase name="testBubbleSort" classname="com.sl.algorithms.sort.generalpurpose.SortingTest" time="0.001"/>
  <testcase name="testMinHeapSort" classname="com.sl.algorithms.sort.generalpurpose.SortingTest" time="0.002"/>
  <testcase name="testMaxHeapSort" classname="com.sl.algorithms.sort.generalpurpose.SortingTest" time="0.001"/>
  <testcase name="testBottomUpMergeSort" classname="com.sl.algorithms.sort.generalpurpose.SortingTest" time="0.013"/>
  <testcase name="testInsertionSort" classname="com.sl.algorithms.sort.generalpurpose.SortingTest" time="0.111"/>
  <testcase name="testQuickSort" classname="com.sl.algorithms.sort.generalpurpose.SortingTest" time="0.001"/>
  <testcase name="testTopDownMergeSort" classname="com.sl.algorithms.sort.generalpurpose.SortingTest" time="0.009"/>
  <system-out><![CDATA[]]></system-out>
  <system-err><![CDATA[]]></system-err>
</testsuite>
