<?xml version="1.0" encoding="UTF-8"?>
<testsuite name="com.sl.algorithms.shuffle.ShufflingTest" tests="3" skipped="0" failures="0" errors="0" timestamp="2022-04-19T21:31:43" hostname="LAPTOP-0DNPIBQS" time="0.003">
  <properties/>
  <testcase name="assertFisherYatesKnuthShuffling" classname="com.sl.algorithms.shuffle.ShufflingTest" time="0.001"/>
  <testcase name="assertSattoloShuffling" classname="com.sl.algorithms.shuffle.ShufflingTest" time="0.001"/>
  <testcase name="assertNaiveShuffling" classname="com.sl.algorithms.shuffle.ShufflingTest" time="0.0"/>
  <system-out><![CDATA[]]></system-out>
  <system-err><![CDATA[]]></system-err>
</testsuite>
