<?xml version="1.0" encoding="UTF-8"?>
<testsuite name="com.sl.algorithms.sort.advanced.wave.WiggleSortIITest" tests="4" skipped="0" failures="0" errors="0" timestamp="2022-04-19T21:31:43" hostname="LAPTOP-0DNPIBQS" time="0.005">
  <properties/>
  <testcase name="assertWaveForListWithDupes" classname="com.sl.algorithms.sort.advanced.wave.WiggleSortIITest" time="0.001"/>
  <testcase name="assertSmallSets" classname="com.sl.algorithms.sort.advanced.wave.WiggleSortIITest" time="0.0"/>
  <testcase name="assertWaveForSortedList" classname="com.sl.algorithms.sort.advanced.wave.WiggleSortIITest" time="0.003"/>
  <testcase name="assertWaveForUnsortedList" classname="com.sl.algorithms.sort.advanced.wave.WiggleSortIITest" time="0.0"/>
  <system-out><![CDATA[]]></system-out>
  <system-err><![CDATA[]]></system-err>
</testsuite>
