<?xml version="1.0" encoding="UTF-8"?>
<testsuite name="org.json.junit.CDLTest" tests="18" skipped="0" failures="0" errors="0" timestamp="2022-03-31T00:27:48" hostname="LAPTOP-0DNPIBQS" time="0.125">
  <properties/>
  <testcase name="nullJSONArrayToString" classname="org.json.junit.CDLTest" time="0.016"/>
  <testcase name="unbalancedEscapedQuote" classname="org.json.junit.CDLTest" time="0.04"/>
  <testcase name="unbalancedQuoteInName" classname="org.json.junit.CDLTest" time="0.005"/>
  <testcase name="exceptionOnNullString" classname="org.json.junit.CDLTest" time="0.001"/>
  <testcase name="badEscapedQuote" classname="org.json.junit.CDLTest" time="0.001"/>
  <testcase name="singleEscapedQuoteMiddleString" classname="org.json.junit.CDLTest" time="0.014"/>
  <testcase name="checkSpecialChars" classname="org.json.junit.CDLTest" time="0.001"/>
  <testcase name="nullJSONArraysToString" classname="org.json.junit.CDLTest" time="0.0"/>
  <testcase name="textToJSONArrayAndBackToString" classname="org.json.junit.CDLTest" time="0.013"/>
  <testcase name="jsonArrayToJSONArray" classname="org.json.junit.CDLTest" time="0.001"/>
  <testcase name="emptyString" classname="org.json.junit.CDLTest" time="0.0"/>
  <testcase name="textToJSONArray" classname="org.json.junit.CDLTest" time="0.005"/>
  <testcase name="unbalancedQuoteInValue" classname="org.json.junit.CDLTest" time="0.001"/>
  <testcase name="emptyLinesToJSONArray" classname="org.json.junit.CDLTest" time="0.001"/>
  <testcase name="nullInName" classname="org.json.junit.CDLTest" time="0.0"/>
  <testcase name="emptyJSONArrayToString" classname="org.json.junit.CDLTest" time="0.007"/>
  <testcase name="onlyColumnNames" classname="org.json.junit.CDLTest" time="0.007"/>
  <testcase name="singleEscapedQuote" classname="org.json.junit.CDLTest" time="0.001"/>
  <system-out><![CDATA[]]></system-out>
  <system-err><![CDATA[]]></system-err>
</testsuite>
