<?xml version="1.0" encoding="UTF-8"?>
<testsuite name="org.json.junit.JSONStringTest" tests="7" skipped="0" failures="0" errors="0" timestamp="2022-05-03T20:59:49" hostname="LAPTOP-0DNPIBQS" time="0.018">
  <properties/>
  <testcase name="testJSONNullStringValue" classname="org.json.junit.JSONStringTest" time="0.004"/>
  <testcase name="testNullStringValue" classname="org.json.junit.JSONStringTest" time="0.001"/>
  <testcase name="writeValues" classname="org.json.junit.JSONStringTest" time="0.001"/>
  <testcase name="valuesToString" classname="org.json.junit.JSONStringTest" time="0.0"/>
  <testcase name="testJSONStringValue" classname="org.json.junit.JSONStringTest" time="0.005"/>
  <testcase name="testJSONStringExceptionValue" classname="org.json.junit.JSONStringTest" time="0.005"/>
  <testcase name="testStringValue" classname="org.json.junit.JSONStringTest" time="0.002"/>
  <system-out><![CDATA[]]></system-out>
  <system-err><![CDATA[]]></system-err>
</testsuite>
