<?xml version="1.0" encoding="UTF-8"?>
<testsuite name="org.json.junit.JSONObjectLocaleTest" tests="1" skipped="0" failures="0" errors="0" timestamp="2022-05-03T20:59:48" hostname="LAPTOP-0DNPIBQS" time="0.028">
  <properties/>
  <testcase name="jsonObjectByLocaleBean" classname="org.json.junit.JSONObjectLocaleTest" time="0.028"/>
  <system-out><![CDATA[]]></system-out>
  <system-err><![CDATA[]]></system-err>
</testsuite>
