<?xml version="1.0" encoding="UTF-8"?>
<testsuite name="org.json.junit.JSONObjectTest" tests="95" skipped="0" failures="0" errors="0" timestamp="2022-03-31T00:27:49" hostname="LAPTOP-0DNPIBQS" time="1.278">
  <properties/>
  <testcase name="jsonValidNumberValuesNeitherLongNorIEEE754Compatible" classname="org.json.junit.JSONObjectTest" time="0.001"/>
  <testcase name="testPutNullCollection" classname="org.json.junit.JSONObjectTest" time="0.0"/>
  <testcase name="verifyConstructor" classname="org.json.junit.JSONObjectTest" time="0.0"/>
  <testcase name="jsonObjectByResourceBundle" classname="org.json.junit.JSONObjectTest" time="0.03"/>
  <testcase name="verifySimilar" classname="org.json.junit.JSONObjectTest" time="0.001"/>
  <testcase name="emptyJsonObjectNamesToJsonAray" classname="org.json.junit.JSONObjectTest" time="0.001"/>
  <testcase name="testPutNullDouble" classname="org.json.junit.JSONObjectTest" time="0.0"/>
  <testcase name="testLongFromString" classname="org.json.junit.JSONObjectTest" time="0.001"/>
  <testcase name="issue654StackOverflowInputWellFormed" classname="org.json.junit.JSONObjectTest" time="0.012"/>
  <testcase name="jsonObjectOptNoKey" classname="org.json.junit.JSONObjectTest" time="0.001"/>
  <testcase name="optQueryWithNoResult" classname="org.json.junit.JSONObjectTest" time="0.0"/>
  <testcase name="wrapObject" classname="org.json.junit.JSONObjectTest" time="0.001"/>
  <testcase name="testExceptionalBean" classname="org.json.junit.JSONObjectTest" time="0.019"/>
  <testcase name="testPutNullObject" classname="org.json.junit.JSONObjectTest" time="0.001"/>
  <testcase name="jsonObjectputNull" classname="org.json.junit.JSONObjectTest" time="0.0"/>
  <testcase name="issue654IncorrectNestingNoKey1" classname="org.json.junit.JSONObjectTest" time="0.001"/>
  <testcase name="issue654IncorrectNestingNoKey2" classname="org.json.junit.JSONObjectTest" time="0.0"/>
  <testcase name="equals" classname="org.json.junit.JSONObjectTest" time="0.001"/>
  <testcase name="verifyNumberOutput" classname="org.json.junit.JSONObjectTest" time="0.012"/>
  <testcase name="jsonObjectAccumulate" classname="org.json.junit.JSONObjectTest" time="0.002"/>
  <testcase name="invalidEscapeSequence" classname="org.json.junit.JSONObjectTest" time="0.001"/>
  <testcase name="stringToValue" classname="org.json.junit.JSONObjectTest" time="0.0"/>
  <testcase name="jsonObjectIncrement" classname="org.json.junit.JSONObjectTest" time="0.002"/>
  <testcase name="jsonObjectNonAndWrongValues" classname="org.json.junit.JSONObjectTest" time="0.001"/>
  <testcase name="toJSONArray" classname="org.json.junit.JSONObjectTest" time="0.0"/>
  <testcase name="unquotedText" classname="org.json.junit.JSONObjectTest" time="0.0"/>
  <testcase name="jsonObjectAppend" classname="org.json.junit.JSONObjectTest" time="0.001"/>
  <testcase name="testPutNullBoolean" classname="org.json.junit.JSONObjectTest" time="0.0"/>
  <testcase name="jsonObjectByMapWithNullValue" classname="org.json.junit.JSONObjectTest" time="0.002"/>
  <testcase name="testLongRecursiveObject" classname="org.json.junit.JSONObjectTest" time="0.005"/>
  <testcase name="verifyPutMap" classname="org.json.junit.JSONObjectTest" time="0.001"/>
  <testcase name="jsonObjectPut" classname="org.json.junit.JSONObjectTest" time="0.003"/>
  <testcase name="optQueryWithSyntaxError" classname="org.json.junit.JSONObjectTest" time="0.0"/>
  <testcase name="jsonObjectByNullMap" classname="org.json.junit.JSONObjectTest" time="0.0"/>
  <testcase name="jsonObjectDoubleToString" classname="org.json.junit.JSONObjectTest" time="0.001"/>
  <testcase name="testJSONWriterException" classname="org.json.junit.JSONObjectTest" time="0.026"/>
  <testcase name="bigNumberOperations" classname="org.json.junit.JSONObjectTest" time="0.429"/>
  <testcase name="jsonObjectByNullBean" classname="org.json.junit.JSONObjectTest" time="0.001"/>
  <testcase name="jsonObjectNumberToString" classname="org.json.junit.JSONObjectTest" time="0.0"/>
  <testcase name="jsonInvalidNumberValues" classname="org.json.junit.JSONObjectTest" time="0.003"/>
  <testcase name="verifyPutCollection" classname="org.json.junit.JSONObjectTest" time="0.0"/>
  <testcase name="testRecursiveEquals" classname="org.json.junit.JSONObjectTest" time="0.003"/>
  <testcase name="jsonObjectValues" classname="org.json.junit.JSONObjectTest" time="0.001"/>
  <testcase name="issue654StackOverflowInput" classname="org.json.junit.JSONObjectTest" time="0.0"/>
  <testcase name="jsonObjectParseControlCharacters" classname="org.json.junit.JSONObjectTest" time="0.001"/>
  <testcase name="testNotRecursiveEquals" classname="org.json.junit.JSONObjectTest" time="0.001"/>
  <testcase name="testSingletonEnumBean" classname="org.json.junit.JSONObjectTest" time="0.003"/>
  <testcase name="jsonObjectToStringSuppressWarningOnCastToCollection" classname="org.json.junit.JSONObjectTest" time="0.001"/>
  <testcase name="jsonObjectClearMethodTest" classname="org.json.junit.JSONObjectTest" time="0.001"/>
  <testcase name="jsonObjectPutOnceNull" classname="org.json.junit.JSONObjectTest" time="0.0"/>
  <testcase name="jsonObjectOptCoercion" classname="org.json.junit.JSONObjectTest" time="0.002"/>
  <testcase name="jsonObjectNamesToJsonAray" classname="org.json.junit.JSONObjectTest" time="0.062"/>
  <testcase name="toMap" classname="org.json.junit.JSONObjectTest" time="0.0"/>
  <testcase name="write" classname="org.json.junit.JSONObjectTest" time="0.001"/>
  <testcase name="testPutNullFloat" classname="org.json.junit.JSONObjectTest" time="0.0"/>
  <testcase name="jsonObjectParsingErrors" classname="org.json.junit.JSONObjectTest" time="0.001"/>
  <testcase name="testSimpleRecursiveObject" classname="org.json.junit.JSONObjectTest" time="0.001"/>
  <testcase name="testGenericBean" classname="org.json.junit.JSONObjectTest" time="0.014"/>
  <testcase name="write3Param" classname="org.json.junit.JSONObjectTest" time="0.001"/>
  <testcase name="jsonObjectOptBigDecimal" classname="org.json.junit.JSONObjectTest" time="0.001"/>
  <testcase name="jsonObjectToStringSuppressWarningOnCastToMap" classname="org.json.junit.JSONObjectTest" time="0.0"/>
  <testcase name="jsonObjectNullOperations" classname="org.json.junit.JSONObjectTest" time="0.004"/>
  <testcase name="unexpectedDoubleToIntConversion" classname="org.json.junit.JSONObjectTest" time="0.004"/>
  <testcase name="testLongSelfRecursiveObject" classname="org.json.junit.JSONObjectTest" time="0.001"/>
  <testcase name="jsonObjectByBean1" classname="org.json.junit.JSONObjectTest" time="0.042"/>
  <testcase name="jsonObjectByBean2" classname="org.json.junit.JSONObjectTest" time="0.011"/>
  <testcase name="jsonObjectByBean3" classname="org.json.junit.JSONObjectTest" time="0.005"/>
  <testcase name="jsonObjectByNames" classname="org.json.junit.JSONObjectTest" time="0.003"/>
  <testcase name="jsonObjectOptBigInteger" classname="org.json.junit.JSONObjectTest" time="0.001"/>
  <testcase name="testLongRepeatObjectNotRecursive" classname="org.json.junit.JSONObjectTest" time="0.007"/>
  <testcase name="queryWithNoResult" classname="org.json.junit.JSONObjectTest" time="0.001"/>
  <testcase name="jsonObjectToString" classname="org.json.junit.JSONObjectTest" time="0.002"/>
  <testcase name="testWierdListBean" classname="org.json.junit.JSONObjectTest" time="0.005"/>
  <testcase name="jsonObjectOptStringConversion" classname="org.json.junit.JSONObjectTest" time="0.001"/>
  <testcase name="testSelfRecursiveObject" classname="org.json.junit.JSONObjectTest" time="0.001"/>
  <testcase name="jsonObjectByObjectAndNames" classname="org.json.junit.JSONObjectTest" time="0.005"/>
  <testcase name="testSingletonBean" classname="org.json.junit.JSONObjectTest" time="0.007"/>
  <testcase name="jsonObjectToStringIndent" classname="org.json.junit.JSONObjectTest" time="0.001"/>
  <testcase name="testRepeatObjectRecursive" classname="org.json.junit.JSONObjectTest" time="0.002"/>
  <testcase name="jsonObjectOptDefault" classname="org.json.junit.JSONObjectTest" time="0.0"/>
  <testcase name="testGenericIntBean" classname="org.json.junit.JSONObjectTest" time="0.004"/>
  <testcase name="stringToValueNumbersTest" classname="org.json.junit.JSONObjectTest" time="0.002"/>
  <testcase name="emptyJsonObject" classname="org.json.junit.JSONObjectTest" time="0.0"/>
  <testcase name="testRepeatObjectNotRecursive" classname="org.json.junit.JSONObjectTest" time="0.004"/>
  <testcase name="testPutNullLong" classname="org.json.junit.JSONObjectTest" time="0.0"/>
  <testcase name="valueToString" classname="org.json.junit.JSONObjectTest" time="0.006"/>
  <testcase name="valueToStringConfirmException" classname="org.json.junit.JSONObjectTest" time="0.001"/>
  <testcase name="testIssue548ObjectWithEmptyJsonArray" classname="org.json.junit.JSONObjectTest" time="0.0"/>
  <testcase name="jsonObjectByMapWithUnsupportedValues" classname="org.json.junit.JSONObjectTest" time="0.001"/>
  <testcase name="testPutNullInt" classname="org.json.junit.JSONObjectTest" time="0.0"/>
  <testcase name="testPutNullMap" classname="org.json.junit.JSONObjectTest" time="0.0"/>
  <testcase name="jsonObjectByMap" classname="org.json.junit.JSONObjectTest" time="0.001"/>
  <testcase name="jsonObjectNames" classname="org.json.junit.JSONObjectTest" time="0.004"/>
  <testcase name="jsonObjectQuote" classname="org.json.junit.JSONObjectTest" time="0.0"/>
  <testcase name="timeNumberParsing" classname="org.json.junit.JSONObjectTest" time="0.367"/>
  <system-out><![CDATA[new BigDecimal(testData[]) : 268 ms
NUMBER_PATTERN.matcher(testData[]).matches() : 96 ms
]]></system-out>
  <system-err><![CDATA[]]></system-err>
</testsuite>
