<?xml version="1.0" encoding="UTF-8"?>
<testsuite name="org.json.junit.CookieListTest" tests="9" skipped="0" failures="0" errors="0" timestamp="2022-05-03T20:59:42" hostname="LAPTOP-0DNPIBQS" time="0.094">
  <properties/>
  <testcase name="convertCookieListWithNullValueToString" classname="org.json.junit.CookieListTest" time="0.001"/>
  <testcase name="simpleCookieList" classname="org.json.junit.CookieListTest" time="0.09"/>
  <testcase name="malFormedCookieListException" classname="org.json.junit.CookieListTest" time="0.0"/>
  <testcase name="convertCookieListToString" classname="org.json.junit.CookieListTest" time="0.001"/>
  <testcase name="nullCookieListException" classname="org.json.junit.CookieListTest" time="0.0"/>
  <testcase name="simpleCookieListWithDelimiter" classname="org.json.junit.CookieListTest" time="0.001"/>
  <testcase name="emptyStringCookieList" classname="org.json.junit.CookieListTest" time="0.0"/>
  <testcase name="convertEncodedCookieListToString" classname="org.json.junit.CookieListTest" time="0.0"/>
  <testcase name="multiPartCookieList" classname="org.json.junit.CookieListTest" time="0.001"/>
  <system-out><![CDATA[]]></system-out>
  <system-err><![CDATA[SLF4J: Failed to load class "org.slf4j.impl.StaticLoggerBinder".
SLF4J: Defaulting to no-operation (NOP) logger implementation
SLF4J: See http://www.slf4j.org/codes.html#StaticLoggerBinder for further details.
]]></system-err>
</testsuite>
