<?xml version="1.0" encoding="UTF-8"?>
<testsuite name="org.json.junit.PropertyTest" tests="5" skipped="0" failures="0" errors="0" timestamp="2022-05-03T20:59:49" hostname="LAPTOP-0DNPIBQS" time="0.002">
  <properties/>
  <testcase name="shouldHandleJSONProperty" classname="org.json.junit.PropertyTest" time="0.001"/>
  <testcase name="shouldHandleNullJSONProperty" classname="org.json.junit.PropertyTest" time="0.001"/>
  <testcase name="shouldHandleEmptyProperties" classname="org.json.junit.PropertyTest" time="0.0"/>
  <testcase name="shouldHandleNullProperties" classname="org.json.junit.PropertyTest" time="0.0"/>
  <testcase name="shouldHandleProperties" classname="org.json.junit.PropertyTest" time="0.0"/>
  <system-out><![CDATA[]]></system-out>
  <system-err><![CDATA[]]></system-err>
</testsuite>
