<component name="ProjectRunConfigurationManager">
  <configuration default="false" name="jUnit-individual-test-coverage" type="JUnit" factoryName="JUnit">
    <module name="SimplifyLearning.algorithms.test" />
    <extension name="coverage" sample_coverage="false" track_test_folders="true" />
    <option name="PACKAGE_NAME" value="" />
    <option name="MAIN_CLASS_NAME" value="" />
    <option name="METHOD_NAME" value="" />
    <option name="TEST_OBJECT" value="package" />
    <method v="2">
      <option name="Make" enabled="true" />
    </method>
  </configuration>
</component>