<component name="ProjectRunConfigurationManager">
  <configuration default="false" name="jUnit-Per-Test-Coverage" type="JUnit" factoryName="JUnit">
    <module name="junrar.test" />
    <extension name="coverage" sample_coverage="false" track_test_folders="true" />
    <option name="PACKAGE_NAME" value="" />
    <option name="MAIN_CLASS_NAME" value="" />
    <option name="METHOD_NAME" value="" />
    <option name="TEST_OBJECT" value="package" />
    <dir value="$PROJECT_DIR$/build/classes/java/test" />
    <method v="2">
      <option name="Make" enabled="true" />
    </method>
  </configuration>
</component>