<?xml version="1.0" encoding="UTF-8"?>
<testsuite name="com.github.junrar.ArchiveTest$Unicode" tests="1" skipped="0" failures="0" errors="0" timestamp="2022-04-19T20:55:38" hostname="LAPTOP-0DNPIBQS" time="0.022">
  <properties/>
  <testcase name="unicodeFileNamesAreDecodedProperly()" classname="com.github.junrar.ArchiveTest$Unicode" time="0.022"/>
  <system-out><![CDATA[]]></system-out>
  <system-err><![CDATA[]]></system-err>
</testsuite>
