<?xml version="1.0" encoding="UTF-8"?>
<testsuite name="com.github.junrar.LocalFolderExtractorTest" tests="2" skipped="0" failures="0" errors="0" timestamp="2022-04-19T20:55:41" hostname="LAPTOP-0DNPIBQS" time="1.276">
  <properties/>
  <testcase name="rarWithDirectoriesOutsideTarget_ShouldThrowException()" classname="com.github.junrar.LocalFolderExtractorTest" time="1.271"/>
  <testcase name="rarWithFileOutsideTarget_ShouldThrowException()" classname="com.github.junrar.LocalFolderExtractorTest" time="0.004"/>
  <system-out><![CDATA[]]></system-out>
  <system-err><![CDATA[]]></system-err>
</testsuite>
