<?xml version="1.0" encoding="UTF-8"?>
<testsuite name="com.github.junrar.JunrarTest$PasswordProtected" tests="4" skipped="0" failures="0" errors="0" timestamp="2022-04-19T20:55:39" hostname="LAPTOP-0DNPIBQS" time="1.499">
  <properties/>
  <testcase name="onlyFileContentEncryptedRar4File()" classname="com.github.junrar.JunrarTest$PasswordProtected" time="0.194"/>
  <testcase name="headerEncryptedRar4FileAsStream()" classname="com.github.junrar.JunrarTest$PasswordProtected" time="0.602"/>
  <testcase name="onlyFileContentEncryptedRar4FileAsStream()" classname="com.github.junrar.JunrarTest$PasswordProtected" time="0.158"/>
  <testcase name="headerEncryptedRar4File()" classname="com.github.junrar.JunrarTest$PasswordProtected" time="0.544"/>
  <system-out><![CDATA[16:55:39.573 [Test worker] INFO com.github.junrar.Junrar - extracting: ??????.txt
16:55:40.184 [Test worker] INFO com.github.junrar.Junrar - extracting: file1.txt
16:55:40.369 [Test worker] INFO com.github.junrar.Junrar - extracting: ??????.txt
16:55:40.891 [Test worker] INFO com.github.junrar.Junrar - extracting: file1.txt
]]></system-out>
  <system-err><![CDATA[]]></system-err>
</testsuite>
