<?xml version="1.0" encoding="UTF-8"?>
<testsuite name="com.github.junrar.ArchiveTest$ExtendedTimeTest" tests="4" skipped="0" failures="0" errors="0" timestamp="2022-04-19T20:55:39" hostname="LAPTOP-0DNPIBQS" time="0.023">
  <properties/>
  <testcase name="testArchiveExtTimes_Kolkata()" classname="com.github.junrar.ArchiveTest$ExtendedTimeTest" time="0.012"/>
  <testcase name="testArchiveExtTimes_LosAngeles()" classname="com.github.junrar.ArchiveTest$ExtendedTimeTest" time="0.002"/>
  <testcase name="testArchiveExtTimes_Amsterdam()" classname="com.github.junrar.ArchiveTest$ExtendedTimeTest" time="0.004"/>
  <testcase name="testArchiveExtTimes_SaoPaulo()" classname="com.github.junrar.ArchiveTest$ExtendedTimeTest" time="0.002"/>
  <system-out><![CDATA[]]></system-out>
  <system-err><![CDATA[]]></system-err>
</testsuite>
