<?xml version="1.0" encoding="UTF-8"?>
<testsuite name="com.telek.tests.functions.FuncTest" tests="2" skipped="0" failures="0" errors="0" timestamp="2022-04-19T21:39:59" hostname="LAPTOP-0DNPIBQS" time="0.017">
  <properties/>
  <testcase name="amnTest" classname="com.telek.tests.functions.FuncTest" time="0.004"/>
  <testcase name="tfunctionTest" classname="com.telek.tests.functions.FuncTest" time="0.011"/>
  <system-out><![CDATA[]]></system-out>
  <system-err><![CDATA[]]></system-err>
</testsuite>
