<?xml version="1.0" encoding="UTF-8"?>
<testsuite name="com.telek.tests.dists.ZDistTest" tests="6" skipped="0" failures="0" errors="0" timestamp="2022-04-19T21:39:59" hostname="LAPTOP-0DNPIBQS" time="0.214">
  <properties/>
  <testcase name="cumulativeProbabilityTest" classname="com.telek.tests.dists.ZDistTest" time="0.1"/>
  <testcase name="invCumRightTailedTest" classname="com.telek.tests.dists.ZDistTest" time="0.0"/>
  <testcase name="cumulativeProbabilityBetweenTest" classname="com.telek.tests.dists.ZDistTest" time="0.001"/>
  <testcase name="invCumLeftTailedTest" classname="com.telek.tests.dists.ZDistTest" time="0.003"/>
  <testcase name="cumulativeProbabilityBetweenTest2" classname="com.telek.tests.dists.ZDistTest" time="0.001"/>
  <testcase name="densityTest" classname="com.telek.tests.dists.ZDistTest" time="0.107"/>
  <system-out><![CDATA[]]></system-out>
  <system-err><![CDATA[]]></system-err>
</testsuite>
