<?xml version="1.0" encoding="UTF-8"?>
<testsuite name="com.telek.tests.stats.sampling.SamplingTest" tests="3" skipped="0" failures="0" errors="0" timestamp="2022-04-19T21:39:59" hostname="LAPTOP-0DNPIBQS" time="0.01">
  <properties/>
  <testcase name="samplingTestPrimitiveFloat" classname="com.telek.tests.stats.sampling.SamplingTest" time="0.006"/>
  <testcase name="samplingTestClass" classname="com.telek.tests.stats.sampling.SamplingTest" time="0.001"/>
  <testcase name="samplingTestPrimitiveINT" classname="com.telek.tests.stats.sampling.SamplingTest" time="0.001"/>
  <system-out><![CDATA[[172.0, 176.0, 176.0, 190.0, 176.0, 176.0, 170.0, 167.0, 183.0, 158.0, 180.0, 182.0, 177.0, 178.0, 192.0]
[166.0, 158.0, 183.0, 165.0, 188.0, 177.0, 178.0, 170.0, 180.0, 170.0]
[Lcom.telek.tests.stats.exampledata.Person;@4ee2c14f
[Lcom.telek.tests.stats.exampledata.Person;@194791c1
[188, 176, 172, 160, 192, 180, 176, 170, 171, 190, 162, 203, 183, 180, 180]
[176, 180, 176, 182, 176, 176, 166, 158, 183, 165]
]]></system-out>
  <system-err><![CDATA[]]></system-err>
</testsuite>
