<?xml version="1.0" encoding="UTF-8"?>
<testsuite name="com.telek.tests.zsingle.TArraysTest" tests="2" skipped="0" failures="0" errors="0" timestamp="2022-04-19T21:39:59" hostname="LAPTOP-0DNPIBQS" time="0.006">
  <properties/>
  <testcase name="copyOfTest" classname="com.telek.tests.zsingle.TArraysTest" time="0.002"/>
  <testcase name="castTest" classname="com.telek.tests.zsingle.TArraysTest" time="0.003"/>
  <system-out><![CDATA[]]></system-out>
  <system-err><![CDATA[]]></system-err>
</testsuite>
