<?xml version="1.0" encoding="UTF-8"?>
<testsuite name="com.telek.tests.stats.confidenceint.ConfIntervalTwoVariableTest" tests="3" skipped="0" failures="0" errors="0" timestamp="2022-04-19T21:39:59" hostname="LAPTOP-0DNPIBQS" time="0.005">
  <properties/>
  <testcase name="meanKnownVarianceTest" classname="com.telek.tests.stats.confidenceint.ConfIntervalTwoVariableTest" time="0.001"/>
  <testcase name="proportionsTwoVariableTest" classname="com.telek.tests.stats.confidenceint.ConfIntervalTwoVariableTest" time="0.001"/>
  <testcase name="meanUnknownVarianceTest" classname="com.telek.tests.stats.confidenceint.ConfIntervalTwoVariableTest" time="0.001"/>
  <system-out><![CDATA[]]></system-out>
  <system-err><![CDATA[]]></system-err>
</testsuite>
