<?xml version="1.0" encoding="UTF-8"?>
<testsuite name="com.telek.tests.zsingle.ArrayRefTest" tests="2" skipped="0" failures="0" errors="0" timestamp="2022-04-19T21:39:59" hostname="LAPTOP-0DNPIBQS" time="0.008">
  <properties/>
  <testcase name="arrayRefTwodTest" classname="com.telek.tests.zsingle.ArrayRefTest" time="0.005"/>
  <testcase name="arrayRefOnedTest" classname="com.telek.tests.zsingle.ArrayRefTest" time="0.002"/>
  <system-out><![CDATA[]]></system-out>
  <system-err><![CDATA[]]></system-err>
</testsuite>
