<?xml version="1.0" encoding="UTF-8"?>
<testsuite name="com.telek.tests.geometry.TPoint3DTest" tests="1" skipped="0" failures="0" errors="0" timestamp="2022-04-19T21:39:59" hostname="LAPTOP-0DNPIBQS" time="0.002">
  <properties/>
  <testcase name="point3dTest" classname="com.telek.tests.geometry.TPoint3DTest" time="0.002"/>
  <system-out><![CDATA[]]></system-out>
  <system-err><![CDATA[]]></system-err>
</testsuite>
