<?xml version="1.0" encoding="UTF-8"?>
<testsuite name="com.telek.tests.stats.desc.DataDescriptionTest" tests="6" skipped="0" failures="0" errors="0" timestamp="2022-04-19T21:39:59" hostname="LAPTOP-0DNPIBQS" time="0.305">
  <properties/>
  <testcase name="dataDescGenericTest" classname="com.telek.tests.stats.desc.DataDescriptionTest" time="0.007"/>
  <testcase name="randomTest1" classname="com.telek.tests.stats.desc.DataDescriptionTest" time="0.025"/>
  <testcase name="randomTest2" classname="com.telek.tests.stats.desc.DataDescriptionTest" time="0.01"/>
  <testcase name="dataDescPrimitiveTest" classname="com.telek.tests.stats.desc.DataDescriptionTest" time="0.002"/>
  <testcase name="noiseTest1" classname="com.telek.tests.stats.desc.DataDescriptionTest" time="0.256"/>
  <testcase name="dataDescPrimitiveWithoutConversionTest" classname="com.telek.tests.stats.desc.DataDescriptionTest" time="0.0"/>
  <system-out><![CDATA[]]></system-out>
  <system-err><![CDATA[]]></system-err>
</testsuite>
