<?xml version="1.0" encoding="UTF-8"?>
<testsuite name="com.telek.tests.stats.ChiSqTestsTest" tests="3" skipped="0" failures="0" errors="0" timestamp="2022-04-19T21:39:59" hostname="LAPTOP-0DNPIBQS" time="0.019">
  <properties/>
  <testcase name="homogeneityTest" classname="com.telek.tests.stats.ChiSqTestsTest" time="0.005"/>
  <testcase name="goodnessOfFitTest" classname="com.telek.tests.stats.ChiSqTestsTest" time="0.006"/>
  <testcase name="aliasFunctionChecksTest" classname="com.telek.tests.stats.ChiSqTestsTest" time="0.007"/>
  <system-out><![CDATA[]]></system-out>
  <system-err><![CDATA[]]></system-err>
</testsuite>
