<?xml version="1.0" encoding="UTF-8"?>
<testsuite name="com.telek.tests.zsingle.TMathTest" tests="1" skipped="0" failures="0" errors="0" timestamp="2022-04-19T21:39:59" hostname="LAPTOP-0DNPIBQS" time="0.004">
  <properties/>
  <testcase name="tmathTest" classname="com.telek.tests.zsingle.TMathTest" time="0.004"/>
  <system-out><![CDATA[]]></system-out>
  <system-err><![CDATA[]]></system-err>
</testsuite>
