<?xml version="1.0" encoding="UTF-8"?>
<testsuite name="com.sl.algorithms.core.strings.codec.CodecTest" tests="1" skipped="0" failures="0" errors="0" timestamp="2022-03-31T13:27:32" hostname="LAPTOP-0DNPIBQS" time="0.002">
  <properties/>
  <testcase name="assertDecode" classname="com.sl.algorithms.core.strings.codec.CodecTest" time="0.002"/>
  <system-out><![CDATA[]]></system-out>
  <system-err><![CDATA[]]></system-err>
</testsuite>
