<?xml version="1.0" encoding="UTF-8"?>
<testsuite name="com.sl.algorithms.search.binarysearch.LargeSizeBinarySearchTest" tests="1" skipped="0" failures="0" errors="0" timestamp="2022-03-31T13:27:32" hostname="LAPTOP-0DNPIBQS" time="5.576">
  <properties/>
  <testcase name="largeSizeTest" classname="com.sl.algorithms.search.binarysearch.LargeSizeBinarySearchTest" time="5.576"/>
  <system-out><![CDATA[]]></system-out>
  <system-err><![CDATA[]]></system-err>
</testsuite>
