<?xml version="1.0" encoding="UTF-8"?>
<testsuite name="com.sl.algorithms.search.nge.NGERegularArrayTest" tests="2" skipped="0" failures="0" errors="0" timestamp="2022-03-31T13:27:47" hostname="LAPTOP-0DNPIBQS" time="0.0">
  <properties/>
  <testcase name="testFindDaysToWarmthBruteForce" classname="com.sl.algorithms.search.nge.NGERegularArrayTest" time="0.0"/>
  <testcase name="testFindDaysToWarmth" classname="com.sl.algorithms.search.nge.NGERegularArrayTest" time="0.0"/>
  <system-out><![CDATA[]]></system-out>
  <system-err><![CDATA[]]></system-err>
</testsuite>
