<?xml version="1.0" encoding="UTF-8"?>
<testsuite name="com.sl.algorithms.core.stack.MinStackTest" tests="2" skipped="0" failures="0" errors="0" timestamp="2022-03-31T13:27:31" hostname="LAPTOP-0DNPIBQS" time="0.006">
  <properties/>
  <testcase name="assertMinStackOps" classname="com.sl.algorithms.core.stack.MinStackTest" time="0.005"/>
  <testcase name="assertNullMinStackOps" classname="com.sl.algorithms.core.stack.MinStackTest" time="0.001"/>
  <system-out><![CDATA[]]></system-out>
  <system-err><![CDATA[]]></system-err>
</testsuite>
