<?xml version="1.0" encoding="UTF-8"?>
<testsuite name="com.sl.algorithms.core.array.rotation.ArrayRotationTest" tests="5" skipped="0" failures="0" errors="0" timestamp="2022-03-31T13:27:31" hostname="LAPTOP-0DNPIBQS" time="0.021">
  <properties/>
  <testcase name="assertDougMcIlroyAlgorithm" classname="com.sl.algorithms.core.array.rotation.ArrayRotationTest" time="0.006"/>
  <testcase name="assertBruteForceRotation" classname="com.sl.algorithms.core.array.rotation.ArrayRotationTest" time="0.003"/>
  <testcase name="assertBentleyShufflingAlgorithm" classname="com.sl.algorithms.core.array.rotation.ArrayRotationTest" time="0.003"/>
  <testcase name="assertGriesMillsAlgorithm" classname="com.sl.algorithms.core.array.rotation.ArrayRotationTest" time="0.005"/>
  <testcase name="assertBruteForceRotationWithSpace" classname="com.sl.algorithms.core.array.rotation.ArrayRotationTest" time="0.004"/>
  <system-out><![CDATA[]]></system-out>
  <system-err><![CDATA[]]></system-err>
</testsuite>
