<?xml version="1.0" encoding="UTF-8"?>
<testsuite name="com.sl.algorithms.core.list.reversal.IncrementByOneTest" tests="1" skipped="0" failures="0" errors="0" timestamp="2022-03-31T13:27:31" hostname="LAPTOP-0DNPIBQS" time="0.006">
  <properties/>
  <testcase name="testIncrementByOne" classname="com.sl.algorithms.core.list.reversal.IncrementByOneTest" time="0.006"/>
  <system-out><![CDATA[]]></system-out>
  <system-err><![CDATA[]]></system-err>
</testsuite>
