<?xml version="1.0" encoding="UTF-8"?>
<testsuite name="com.sl.algorithms.search.linearsearch.LinearSearchTest" tests="2" skipped="0" failures="0" errors="0" timestamp="2022-03-31T13:27:37" hostname="LAPTOP-0DNPIBQS" time="0.001">
  <properties/>
  <testcase name="testLinearSearch" classname="com.sl.algorithms.search.linearsearch.LinearSearchTest" time="0.001"/>
  <testcase name="testRotatedSparsedArray" classname="com.sl.algorithms.search.linearsearch.LinearSearchTest" time="0.0"/>
  <system-out><![CDATA[]]></system-out>
  <system-err><![CDATA[]]></system-err>
</testsuite>
