<?xml version="1.0" encoding="UTF-8"?>
<testsuite name="com.sl.algorithms.search.peakelement.PeakElementFinderTest" tests="2" skipped="0" failures="0" errors="0" timestamp="2022-03-31T13:27:47" hostname="LAPTOP-0DNPIBQS" time="0.006">
  <properties/>
  <testcase name="testLogTimePEFinder" classname="com.sl.algorithms.search.peakelement.PeakElementFinderTest" time="0.003"/>
  <testcase name="testLinearTimePEFinder" classname="com.sl.algorithms.search.peakelement.PeakElementFinderTest" time="0.003"/>
  <system-out><![CDATA[]]></system-out>
  <system-err><![CDATA[]]></system-err>
</testsuite>
