<?xml version="1.0" encoding="UTF-8"?>
<testsuite name="com.sl.algorithms.sort.finitegroups.DutchNationalFlagSortTest" tests="3" skipped="0" failures="0" errors="0" timestamp="2022-03-31T13:27:47" hostname="LAPTOP-0DNPIBQS" time="0.006">
  <properties/>
  <testcase name="testDNFSortStrings2c" classname="com.sl.algorithms.sort.finitegroups.DutchNationalFlagSortTest" time="0.004"/>
  <testcase name="testDNFSortStrings3c" classname="com.sl.algorithms.sort.finitegroups.DutchNationalFlagSortTest" time="0.0"/>
  <testcase name="testDNFSortIntegers" classname="com.sl.algorithms.sort.finitegroups.DutchNationalFlagSortTest" time="0.0"/>
  <system-out><![CDATA[]]></system-out>
  <system-err><![CDATA[]]></system-err>
</testsuite>
