<?xml version="1.0" encoding="UTF-8"?>
<testsuite name="com.sl.algorithms.search.median.MedianFinderTest" tests="3" skipped="0" failures="0" errors="0" timestamp="2022-03-31T13:27:37" hostname="LAPTOP-0DNPIBQS" time="0.006">
  <properties/>
  <testcase name="testBruteForceMethod" classname="com.sl.algorithms.search.median.MedianFinderTest" time="0.002"/>
  <testcase name="testPQApproach" classname="com.sl.algorithms.search.median.MedianFinderTest" time="0.002"/>
  <testcase name="testQuickSelectApproach" classname="com.sl.algorithms.search.median.MedianFinderTest" time="0.002"/>
  <system-out><![CDATA[]]></system-out>
  <system-err><![CDATA[]]></system-err>
</testsuite>
