<?xml version="1.0" encoding="UTF-8"?>
<testsuite name="com.sl.algorithms.core.utils.NumberOpsTest" tests="9" skipped="0" failures="0" errors="0" timestamp="2022-03-31T13:27:32" hostname="LAPTOP-0DNPIBQS" time="0.005">
  <properties/>
  <testcase name="testPlusOne" classname="com.sl.algorithms.core.utils.NumberOpsTest" time="0.001"/>
  <testcase name="assertReverse" classname="com.sl.algorithms.core.utils.NumberOpsTest" time="0.0"/>
  <testcase name="testConvertToBinary" classname="com.sl.algorithms.core.utils.NumberOpsTest" time="0.001"/>
  <testcase name="testConvertToNumber" classname="com.sl.algorithms.core.utils.NumberOpsTest" time="0.0"/>
  <testcase name="testConvertToArray" classname="com.sl.algorithms.core.utils.NumberOpsTest" time="0.0"/>
  <testcase name="testCountDigits" classname="com.sl.algorithms.core.utils.NumberOpsTest" time="0.0"/>
  <testcase name="testConvertToNumberUsingPower" classname="com.sl.algorithms.core.utils.NumberOpsTest" time="0.001"/>
  <testcase name="testCountPrimes" classname="com.sl.algorithms.core.utils.NumberOpsTest" time="0.001"/>
  <testcase name="testConvertToDecimal" classname="com.sl.algorithms.core.utils.NumberOpsTest" time="0.0"/>
  <system-out><![CDATA[]]></system-out>
  <system-err><![CDATA[]]></system-err>
</testsuite>
