<?xml version="1.0" encoding="UTF-8"?>
<testsuite name="com.sl.algorithms.search.select.QuickSelectTest" tests="2" skipped="0" failures="0" errors="0" timestamp="2022-03-31T13:27:47" hostname="LAPTOP-0DNPIBQS" time="0.0">
  <properties/>
  <testcase name="testKthLargest" classname="com.sl.algorithms.search.select.QuickSelectTest" time="0.0"/>
  <testcase name="testKthSmallest" classname="com.sl.algorithms.search.select.QuickSelectTest" time="0.0"/>
  <system-out><![CDATA[]]></system-out>
  <system-err><![CDATA[]]></system-err>
</testsuite>
