<?xml version="1.0" encoding="UTF-8"?>
<testsuite name="com.sl.algorithms.core.list.ListNodeTest" tests="6" skipped="0" failures="0" errors="0" timestamp="2022-03-31T13:27:31" hostname="LAPTOP-0DNPIBQS" time="0.02">
  <properties/>
  <testcase name="testSize" classname="com.sl.algorithms.core.list.ListNodeTest" time="0.0"/>
  <testcase name="testMidPoint" classname="com.sl.algorithms.core.list.ListNodeTest" time="0.0"/>
  <testcase name="testIsCyclic" classname="com.sl.algorithms.core.list.ListNodeTest" time="0.016"/>
  <testcase name="testCloneList" classname="com.sl.algorithms.core.list.ListNodeTest" time="0.0"/>
  <testcase name="testIsCircular" classname="com.sl.algorithms.core.list.ListNodeTest" time="0.0"/>
  <testcase name="testEquality" classname="com.sl.algorithms.core.list.ListNodeTest" time="0.001"/>
  <system-out><![CDATA[]]></system-out>
  <system-err><![CDATA[]]></system-err>
</testsuite>
