<?xml version="1.0" encoding="UTF-8"?>
<testsuite name="com.sl.algorithms.search.nge.NGECircularArrayTest" tests="1" skipped="0" failures="0" errors="0" timestamp="2022-03-31T13:27:47" hostname="LAPTOP-0DNPIBQS" time="0.001">
  <properties/>
  <testcase name="testFindNGEInCircularArray" classname="com.sl.algorithms.search.nge.NGECircularArrayTest" time="0.001"/>
  <system-out><![CDATA[]]></system-out>
  <system-err><![CDATA[]]></system-err>
</testsuite>
