<?xml version="1.0" encoding="UTF-8"?>
<testsuite name="com.sl.algorithms.core.utils.ArrayOpsTest" tests="6" skipped="0" failures="0" errors="0" timestamp="2022-03-31T13:27:32" hostname="LAPTOP-0DNPIBQS" time="0.001">
  <properties/>
  <testcase name="testIsMountain" classname="com.sl.algorithms.core.utils.ArrayOpsTest" time="0.0"/>
  <testcase name="testReverseObj" classname="com.sl.algorithms.core.utils.ArrayOpsTest" time="0.0"/>
  <testcase name="testReverseInRange" classname="com.sl.algorithms.core.utils.ArrayOpsTest" time="0.0"/>
  <testcase name="testHaveSameDataNegative" classname="com.sl.algorithms.core.utils.ArrayOpsTest" time="0.0"/>
  <testcase name="testReverse" classname="com.sl.algorithms.core.utils.ArrayOpsTest" time="0.0"/>
  <testcase name="testHaveSameData" classname="com.sl.algorithms.core.utils.ArrayOpsTest" time="0.0"/>
  <system-out><![CDATA[]]></system-out>
  <system-err><![CDATA[]]></system-err>
</testsuite>
