<?xml version="1.0" encoding="UTF-8"?>
<testsuite name="com.sl.algorithms.sort.advanced.wave.WiggleSortTest" tests="1" skipped="0" failures="0" errors="0" timestamp="2022-03-31T13:27:47" hostname="LAPTOP-0DNPIBQS" time="0.005">
  <properties/>
  <testcase name="testWiggleSort" classname="com.sl.algorithms.sort.advanced.wave.WiggleSortTest" time="0.005"/>
  <system-out><![CDATA[]]></system-out>
  <system-err><![CDATA[]]></system-err>
</testsuite>
