<?xml version="1.0" encoding="UTF-8"?>
<testsuite name="com.sl.algorithms.core.array.count.CountElementSortedListTest" tests="2" skipped="0" failures="0" errors="0" timestamp="2022-03-31T13:27:31" hostname="LAPTOP-0DNPIBQS" time="0.005">
  <properties/>
  <testcase name="testCountInLogTime" classname="com.sl.algorithms.core.array.count.CountElementSortedListTest" time="0.004"/>
  <testcase name="testCountInLinearTime" classname="com.sl.algorithms.core.array.count.CountElementSortedListTest" time="0.0"/>
  <system-out><![CDATA[]]></system-out>
  <system-err><![CDATA[]]></system-err>
</testsuite>
