<?xml version="1.0" encoding="UTF-8"?>
<testsuite name="com.sl.algorithms.shuffle.ShufflingTest" tests="3" skipped="0" failures="0" errors="0" timestamp="2022-03-31T13:27:47" hostname="LAPTOP-0DNPIBQS" time="0.004">
  <properties/>
  <testcase name="assertFisherYatesKnuthShuffling" classname="com.sl.algorithms.shuffle.ShufflingTest" time="0.0"/>
  <testcase name="assertSattoloShuffling" classname="com.sl.algorithms.shuffle.ShufflingTest" time="0.003"/>
  <testcase name="assertNaiveShuffling" classname="com.sl.algorithms.shuffle.ShufflingTest" time="0.001"/>
  <system-out><![CDATA[]]></system-out>
  <system-err><![CDATA[]]></system-err>
</testsuite>
