<?xml version="1.0" encoding="UTF-8"?>
<testsuite name="com.sl.algorithms.sort.finitegroups.ElementMoverTest" tests="2" skipped="0" failures="0" errors="0" timestamp="2022-03-31T13:27:47" hostname="LAPTOP-0DNPIBQS" time="0.01">
  <properties/>
  <testcase name="testMoveZeroesRight" classname="com.sl.algorithms.sort.finitegroups.ElementMoverTest" time="0.005"/>
  <testcase name="testMoveZeroesLeft" classname="com.sl.algorithms.sort.finitegroups.ElementMoverTest" time="0.005"/>
  <system-out><![CDATA[]]></system-out>
  <system-err><![CDATA[]]></system-err>
</testsuite>
