<?xml version="1.0" encoding="UTF-8"?>
<testsuite name="com.github.junrar.ArchiveTest$ExtendedTimeTest" tests="4" skipped="0" failures="0" errors="0" timestamp="2022-03-27T20:43:28" hostname="LAPTOP-0DNPIBQS" time="0.03">
  <properties/>
  <testcase name="testArchiveExtTimes_Kolkata()" classname="com.github.junrar.ArchiveTest$ExtendedTimeTest" time="0.015"/>
  <testcase name="testArchiveExtTimes_LosAngeles()" classname="com.github.junrar.ArchiveTest$ExtendedTimeTest" time="0.004"/>
  <testcase name="testArchiveExtTimes_Amsterdam()" classname="com.github.junrar.ArchiveTest$ExtendedTimeTest" time="0.003"/>
  <testcase name="testArchiveExtTimes_SaoPaulo()" classname="com.github.junrar.ArchiveTest$ExtendedTimeTest" time="0.004"/>
  <system-out><![CDATA[]]></system-out>
  <system-err><![CDATA[]]></system-err>
</testsuite>
