<?xml version="1.0" encoding="UTF-8"?>
<testsuite name="com.github.junrar.LocalFolderExtractorTest" tests="2" skipped="0" failures="0" errors="0" timestamp="2022-03-27T20:43:31" hostname="LAPTOP-0DNPIBQS" time="1.285">
  <properties/>
  <testcase name="rarWithDirectoriesOutsideTarget_ShouldThrowException()" classname="com.github.junrar.LocalFolderExtractorTest" time="1.281"/>
  <testcase name="rarWithFileOutsideTarget_ShouldThrowException()" classname="com.github.junrar.LocalFolderExtractorTest" time="0.003"/>
  <system-out><![CDATA[]]></system-out>
  <system-err><![CDATA[]]></system-err>
</testsuite>
