<?xml version="1.0" encoding="UTF-8"?>
<testsuite name="com.github.junrar.ArchiveTest" tests="7" skipped="0" failures="0" errors="0" timestamp="2022-03-27T20:43:27" hostname="LAPTOP-0DNPIBQS" time="0.351">
  <properties/>
  <testcase name="[1] audio/BoatModernEnglish-audio-text-unpack30.rar" classname="com.github.junrar.ArchiveTest" time="0.205"/>
  <testcase name="[2] audio/BoatModernEnglish-audio-text-unpack20.rar" classname="com.github.junrar.ArchiveTest" time="0.056"/>
  <testcase name="[3] audio/BoatModernEnglish-regular-unpack30.rar" classname="com.github.junrar.ArchiveTest" time="0.022"/>
  <testcase name="[4] audio/BoatModernEnglish-regular-unpack20.rar" classname="com.github.junrar.ArchiveTest" time="0.012"/>
  <testcase name="[5] audio/BoatModernEnglish-regular-unpack15-dos.rar" classname="com.github.junrar.ArchiveTest" time="0.022"/>
  <testcase name="[6] audio/BoatModernEnglish-regular-unpack15-win.rar" classname="com.github.junrar.ArchiveTest" time="0.02"/>
  <testcase name="testTikaDocs()" classname="com.github.junrar.ArchiveTest" time="0.005"/>
  <system-out><![CDATA[]]></system-out>
  <system-err><![CDATA[]]></system-err>
</testsuite>
