<?xml version="1.0" encoding="UTF-8"?>
<testsuite name="com.github.junrar.unsigned.UnsignedByteTest" tests="2" skipped="0" failures="0" errors="0" timestamp="2022-03-27T20:43:32" hostname="LAPTOP-0DNPIBQS" time="0.005">
  <properties/>
  <testcase name="subTest()" classname="com.github.junrar.unsigned.UnsignedByteTest" time="0.004"/>
  <testcase name="addTest()" classname="com.github.junrar.unsigned.UnsignedByteTest" time="0.001"/>
  <system-out><![CDATA[]]></system-out>
  <system-err><![CDATA[]]></system-err>
</testsuite>
