<?xml version="1.0" encoding="UTF-8"?>
<testsuite name="com.github.junrar.JunrarTest$PasswordProtected" tests="4" skipped="0" failures="0" errors="0" timestamp="2022-03-27T20:43:28" hostname="LAPTOP-0DNPIBQS" time="2.104">
  <properties/>
  <testcase name="onlyFileContentEncryptedRar4File()" classname="com.github.junrar.JunrarTest$PasswordProtected" time="0.257"/>
  <testcase name="headerEncryptedRar4FileAsStream()" classname="com.github.junrar.JunrarTest$PasswordProtected" time="0.852"/>
  <testcase name="onlyFileContentEncryptedRar4FileAsStream()" classname="com.github.junrar.JunrarTest$PasswordProtected" time="0.23"/>
  <testcase name="headerEncryptedRar4File()" classname="com.github.junrar.JunrarTest$PasswordProtected" time="0.761"/>
  <system-out><![CDATA[16:43:28.881 [Test worker] INFO com.github.junrar.Junrar - extracting: ??????.txt
16:43:29.728 [Test worker] INFO com.github.junrar.Junrar - extracting: file1.txt
16:43:29.994 [Test worker] INFO com.github.junrar.Junrar - extracting: ??????.txt
16:43:30.748 [Test worker] INFO com.github.junrar.Junrar - extracting: file1.txt
]]></system-out>
  <system-err><![CDATA[]]></system-err>
</testsuite>
