<?xml version="1.0" encoding="UTF-8"?>
<testsuite name="com.github.junrar.JunrarTest$DirectoryTraversal" tests="2" skipped="0" failures="0" errors="0" timestamp="2022-03-27T20:43:30" hostname="LAPTOP-0DNPIBQS" time="0.006">
  <properties/>
  <testcase name="ifIsDirInsteadOfFile_ThrowException()" classname="com.github.junrar.JunrarTest$DirectoryTraversal" time="0.002"/>
  <testcase name="ifIsFileInsteadOfDir_ThrowException()" classname="com.github.junrar.JunrarTest$DirectoryTraversal" time="0.003"/>
  <system-out><![CDATA[]]></system-out>
  <system-err><![CDATA[]]></system-err>
</testsuite>
