<?xml version="1.0" encoding="UTF-8"?>
<testsuite name="com.telek.tests.stats.hypo.HypothesisTwoVarTest" tests="2" skipped="0" failures="0" errors="0" timestamp="2022-03-31T14:11:59" hostname="LAPTOP-0DNPIBQS" time="0.009">
  <properties/>
  <testcase name="differenceOfMeansTest" classname="com.telek.tests.stats.hypo.HypothesisTwoVarTest" time="0.003"/>
  <testcase name="differenceOfProportionsTest" classname="com.telek.tests.stats.hypo.HypothesisTwoVarTest" time="0.006"/>
  <system-out><![CDATA[]]></system-out>
  <system-err><![CDATA[]]></system-err>
</testsuite>
