<?xml version="1.0" encoding="UTF-8"?>
<testsuite name="com.telek.tests.stats.confidenceint.ConfIntervalSingleVariableTest" tests="4" skipped="0" failures="0" errors="0" timestamp="2022-03-31T14:11:58" hostname="LAPTOP-0DNPIBQS" time="0.052">
  <properties/>
  <testcase name="meanSingleVariableTest" classname="com.telek.tests.stats.confidenceint.ConfIntervalSingleVariableTest" time="0.015"/>
  <testcase name="proportionsSingleVariableTest" classname="com.telek.tests.stats.confidenceint.ConfIntervalSingleVariableTest" time="0.021"/>
  <testcase name="varianceSingleVariableTest" classname="com.telek.tests.stats.confidenceint.ConfIntervalSingleVariableTest" time="0.002"/>
  <testcase name="forPersonDataTest" classname="com.telek.tests.stats.confidenceint.ConfIntervalSingleVariableTest" time="0.011"/>
  <system-out><![CDATA[]]></system-out>
  <system-err><![CDATA[]]></system-err>
</testsuite>
