<?xml version="1.0" encoding="UTF-8"?>
<testsuite name="com.telek.tests.dists.ChiSqDistTest" tests="4" skipped="0" failures="0" errors="0" timestamp="2022-05-03T21:03:27" hostname="LAPTOP-0DNPIBQS" time="7.022">
  <properties/>
  <testcase name="invCumLeftTailed" classname="com.telek.tests.dists.ChiSqDistTest" time="0.69"/>
  <testcase name="invCumRightTailed" classname="com.telek.tests.dists.ChiSqDistTest" time="0.003"/>
  <testcase name="cumProbTest" classname="com.telek.tests.dists.ChiSqDistTest" time="6.196"/>
  <testcase name="densityTest" classname="com.telek.tests.dists.ChiSqDistTest" time="0.129"/>
  <system-out><![CDATA[]]></system-out>
  <system-err><![CDATA[]]></system-err>
</testsuite>
