<?xml version="1.0" encoding="UTF-8"?>
<testsuite name="com.telek.tests.dists.DiscreteDistributionTest" tests="1" skipped="0" failures="0" errors="0" timestamp="2022-05-03T21:03:34" hostname="LAPTOP-0DNPIBQS" time="0.009">
  <properties/>
  <testcase name="discDistTest" classname="com.telek.tests.dists.DiscreteDistributionTest" time="0.009"/>
  <system-out><![CDATA[]]></system-out>
  <system-err><![CDATA[]]></system-err>
</testsuite>
