<?xml version="1.0" encoding="UTF-8"?>
<testsuite name="com.telek.tests.dists.ChiSqDistTest" tests="4" skipped="0" failures="0" errors="0" timestamp="2022-03-31T14:11:33" hostname="LAPTOP-0DNPIBQS" time="15.438">
  <properties/>
  <testcase name="invCumLeftTailed" classname="com.telek.tests.dists.ChiSqDistTest" time="1.612"/>
  <testcase name="invCumRightTailed" classname="com.telek.tests.dists.ChiSqDistTest" time="0.007"/>
  <testcase name="cumProbTest" classname="com.telek.tests.dists.ChiSqDistTest" time="13.544"/>
  <testcase name="densityTest" classname="com.telek.tests.dists.ChiSqDistTest" time="0.272"/>
  <system-out><![CDATA[]]></system-out>
  <system-err><![CDATA[]]></system-err>
</testsuite>
