<?xml version="1.0" encoding="UTF-8"?>
<testsuite name="com.telek.tests.zsingle.ArrayRefTest" tests="2" skipped="0" failures="0" errors="0" timestamp="2022-03-31T14:11:59" hostname="LAPTOP-0DNPIBQS" time="0.02">
  <properties/>
  <testcase name="arrayRefTwodTest" classname="com.telek.tests.zsingle.ArrayRefTest" time="0.007"/>
  <testcase name="arrayRefOnedTest" classname="com.telek.tests.zsingle.ArrayRefTest" time="0.012"/>
  <system-out><![CDATA[]]></system-out>
  <system-err><![CDATA[]]></system-err>
</testsuite>
