<?xml version="1.0" encoding="UTF-8"?>
<testsuite name="com.telek.tests.stats.sampling.SamplingTest" tests="3" skipped="0" failures="0" errors="0" timestamp="2022-05-03T21:03:39" hostname="LAPTOP-0DNPIBQS" time="0.012">
  <properties/>
  <testcase name="samplingTestPrimitiveFloat" classname="com.telek.tests.stats.sampling.SamplingTest" time="0.008"/>
  <testcase name="samplingTestClass" classname="com.telek.tests.stats.sampling.SamplingTest" time="0.002"/>
  <testcase name="samplingTestPrimitiveINT" classname="com.telek.tests.stats.sampling.SamplingTest" time="0.002"/>
  <system-out><![CDATA[[177.0, 176.0, 180.0, 176.0, 190.0, 158.0, 192.0, 180.0, 170.0, 182.0, 165.0, 178.0, 167.0, 160.0, 188.0]
[167.0, 203.0, 171.0, 160.0, 172.0, 162.0, 176.0, 180.0, 176.0, 182.0]
[Lcom.telek.tests.stats.exampledata.Person;@1a50d7a4
[Lcom.telek.tests.stats.exampledata.Person;@344363c0
[162, 170, 166, 192, 176, 173, 160, 167, 170, 176, 203, 190, 176, 180, 183]
[162, 176, 180, 176, 182, 176, 176, 166, 158, 183]
]]></system-out>
  <system-err><![CDATA[]]></system-err>
</testsuite>
