<?xml version="1.0" encoding="UTF-8"?>
<testsuite name="com.telek.tests.zsingle.CryptoTest" tests="1" skipped="0" failures="0" errors="0" timestamp="2022-03-31T14:11:59" hostname="LAPTOP-0DNPIBQS" time="0.023">
  <properties/>
  <testcase name="cryptoTest" classname="com.telek.tests.zsingle.CryptoTest" time="0.023"/>
  <system-out><![CDATA[]]></system-out>
  <system-err><![CDATA[]]></system-err>
</testsuite>
