<?xml version="1.0" encoding="UTF-8"?>
<testsuite name="com.telek.tests.geometry.TVector3DTest" tests="1" skipped="0" failures="0" errors="0" timestamp="2022-03-31T14:11:58" hostname="LAPTOP-0DNPIBQS" time="0.006">
  <properties/>
  <testcase name="tvec3dTest" classname="com.telek.tests.geometry.TVector3DTest" time="0.006"/>
  <system-out><![CDATA[]]></system-out>
  <system-err><![CDATA[]]></system-err>
</testsuite>
