<?xml version="1.0" encoding="UTF-8"?>
<testsuite name="com.telek.tests.functions.FuncEqualityTest" tests="2" skipped="0" failures="0" errors="0" timestamp="2022-03-31T14:11:58" hostname="LAPTOP-0DNPIBQS" time="0.066">
  <properties/>
  <testcase name="otherFuncTest" classname="com.telek.tests.functions.FuncEqualityTest" time="0.025"/>
  <testcase name="amnFuncTest" classname="com.telek.tests.functions.FuncEqualityTest" time="0.04"/>
  <system-out><![CDATA[]]></system-out>
  <system-err><![CDATA[]]></system-err>
</testsuite>
