<?xml version="1.0" encoding="UTF-8"?>
<testsuite name="com.telek.tests.zsingle.ColorTest" tests="1" skipped="0" failures="0" errors="0" timestamp="2022-05-03T21:03:39" hostname="LAPTOP-0DNPIBQS" time="0.009">
  <properties/>
  <testcase name="colorEqualsTest" classname="com.telek.tests.zsingle.ColorTest" time="0.009"/>
  <system-out><![CDATA[]]></system-out>
  <system-err><![CDATA[]]></system-err>
</testsuite>
