<?xml version="1.0" encoding="UTF-8"?>
<testsuite name="com.telek.tests.geometry.TVector2DTest" tests="1" skipped="0" failures="0" errors="0" timestamp="2022-05-03T21:03:39" hostname="LAPTOP-0DNPIBQS" time="0.004">
  <properties/>
  <testcase name="tvec2dTest" classname="com.telek.tests.geometry.TVector2DTest" time="0.004"/>
  <system-out><![CDATA[]]></system-out>
  <system-err><![CDATA[]]></system-err>
</testsuite>
