<?xml version="1.0" encoding="UTF-8"?>
<testsuite name="com.telek.tests.matrices.TMatrixTest" tests="3" skipped="0" failures="0" errors="0" timestamp="2022-03-31T14:11:58" hostname="LAPTOP-0DNPIBQS" time="0.033">
  <properties/>
  <testcase name="matrixTest" classname="com.telek.tests.matrices.TMatrixTest" time="0.011"/>
  <testcase name="differentTypeArray2Tests" classname="com.telek.tests.matrices.TMatrixTest" time="0.004"/>
  <testcase name="copyConstructorTest" classname="com.telek.tests.matrices.TMatrixTest" time="0.016"/>
  <system-out><![CDATA[]]></system-out>
  <system-err><![CDATA[]]></system-err>
</testsuite>
