<?xml version="1.0" encoding="UTF-8"?>
<testsuite name="com.telek.tests.functions.FuncEqualityTest" tests="2" skipped="0" failures="0" errors="0" timestamp="2022-05-03T21:03:38" hostname="LAPTOP-0DNPIBQS" time="0.031">
  <properties/>
  <testcase name="otherFuncTest" classname="com.telek.tests.functions.FuncEqualityTest" time="0.01"/>
  <testcase name="amnFuncTest" classname="com.telek.tests.functions.FuncEqualityTest" time="0.021"/>
  <system-out><![CDATA[]]></system-out>
  <system-err><![CDATA[]]></system-err>
</testsuite>
